[debug] [2023-08-02T16:51:05.206Z] ----------------------------------------------------------------------
[debug] [2023-08-02T16:51:05.208Z] Command:       C:\Program Files\nodejs\node.exe C:\Users\kitti\AppData\Roaming\npm\node_modules\firebase-tools\lib\bin\firebase.js init
[debug] [2023-08-02T16:51:05.209Z] CLI Version:   12.4.6
[debug] [2023-08-02T16:51:05.209Z] Platform:      win32
[debug] [2023-08-02T16:51:05.209Z] Node Version:  v18.17.0
[debug] [2023-08-02T16:51:05.220Z] Time:          Wed Aug 02 2023 23:51:05 GMT+0700 (เวลาอินโดจีน)
[debug] [2023-08-02T16:51:05.220Z] ----------------------------------------------------------------------
[debug] 
[debug] [2023-08-02T16:51:05.295Z] > command requires scopes: ["email","openid","https://www.googleapis.com/auth/cloudplatformprojects.readonly","https://www.googleapis.com/auth/firebase","https://www.googleapis.com/auth/cloud-platform"]
[debug] [2023-08-02T16:51:05.295Z] > authorizing via signed-in user (kittipoomzx555@gmail.com)
[info] 
     ######## #### ########  ######## ########     ###     ######  ########
     ##        ##  ##     ## ##       ##     ##  ##   ##  ##       ##
     ######    ##  ########  ######   ########  #########  ######  ######
     ##        ##  ##    ##  ##       ##     ## ##     ##       ## ##
     ##       #### ##     ## ######## ########  ##     ##  ######  ########

You're about to initialize a Firebase project in this directory:

  C:\Users\kitti\portfolio-website\myPortfolioWebsite\portfolio

Before we get started, keep in mind:

  * You are initializing within an existing Firebase project directory

